<?xml version="1.0" encoding="UTF-8"?>
<!-- Generated by org.testng.reporters.JUnitXMLReporter -->
<testsuite ignored="8" hostname="LAPTOP-TOSPC5P3" failures="0" tests="9" name="ChromeTest" time="27.452" errors="0" timestamp="2025-08-25T03:58:27 IST">
  <testcase classname="tests.TC_001_LogInTest" name="logInTest" time="0.284"/>
  <testcase classname="tests.TC_001_LogInTest" name="logInTest" time="0.222"/>
  <testcase classname="tests.TC_001_LogInTest" name="logInTest" time="0.301"/>
  <testcase classname="tests.TC_002_CartTest" name="cartTest" time="0.706"/>
  <testcase classname="tests.TC_003_OrderTest" name="validOrderTest" time="0.682"/>
  <testcase classname="tests.TC_003_OrderTest" name="emptyFormTest" time="2.646"/>
  <testcase classname="tests.TC_004_UiTest" name="buttonVisibilityTest" time="0.26"/>
  <testcase classname="tests.TC_004_UiTest" name="product" time="0.261"/>
  <testcase classname="tests.TC_005_NavigationTest" name="productBrowsingAndNavigationTest" time="0.512"/>
  <testcase classname="base.ProjectSpecificationMethods" name="@BeforeSuite createReport" time="0.0">
    <ignored/>
  </testcase> <!-- @BeforeSuite createReport -->
  <testcase classname="base.ProjectSpecificationMethods" name="@BeforeSuite createReport" time="0.0">
    <ignored/>
  </testcase> <!-- @BeforeSuite createReport -->
  <testcase classname="base.ProjectSpecificationMethods" name="@AfterSuite closeReport" time="0.0">
    <ignored/>
  </testcase> <!-- @AfterSuite closeReport -->
  <testcase classname="base.ProjectSpecificationMethods" name="@AfterSuite closeReport" time="0.0">
    <ignored/>
  </testcase> <!-- @AfterSuite closeReport -->
  <testcase classname="base.ProjectSpecificationMethods" name="@AfterSuite closeReport" time="0.0">
    <ignored/>
  </testcase> <!-- @AfterSuite closeReport -->
  <testcase classname="base.ProjectSpecificationMethods" name="@BeforeSuite createReport" time="0.0">
    <ignored/>
  </testcase> <!-- @BeforeSuite createReport -->
  <testcase classname="base.ProjectSpecificationMethods" name="@AfterSuite closeReport" time="0.0">
    <ignored/>
  </testcase> <!-- @AfterSuite closeReport -->
  <testcase classname="base.ProjectSpecificationMethods" name="@BeforeSuite createReport" time="0.0">
    <ignored/>
  </testcase> <!-- @BeforeSuite createReport -->
</testsuite> <!-- ChromeTest -->
