<?xml version="1.0" encoding="UTF-8"?>
<!-- Generated by org.testng.reporters.JUnitXMLReporter -->
<testsuite ignored="8" hostname="LAPTOP-TOSPC5P3" failures="0" tests="9" name="ChromeTest" time="26.984" errors="0" timestamp="2025-08-25T04:02:15 IST">
  <testcase classname="tests.TC_001_LogInTest" name="logInTest" time="0.291"/>
  <testcase classname="tests.TC_001_LogInTest" name="logInTest" time="0.237"/>
  <testcase classname="tests.TC_001_LogInTest" name="logInTest" time="0.243"/>
  <testcase classname="tests.TC_002_CartTest" name="cartTest" time="0.689"/>
  <testcase classname="tests.TC_003_OrderTest" name="validOrderTest" time="0.758"/>
  <testcase classname="tests.TC_003_OrderTest" name="emptyFormTest" time="2.633"/>
  <testcase classname="tests.TC_004_UiTest" name="buttonVisibilityTest" time="0.252"/>
  <testcase classname="tests.TC_004_UiTest" name="product" time="0.257"/>
  <testcase classname="tests.TC_005_NavigationTest" name="productBrowsingAndNavigationTest" time="0.534"/>
  <testcase classname="base.ProjectSpecificationMethods" name="@BeforeSuite createReport" time="0.0">
    <ignored/>
  </testcase> <!-- @BeforeSuite createReport -->
  <testcase classname="base.ProjectSpecificationMethods" name="@BeforeSuite createReport" time="0.0">
    <ignored/>
  </testcase> <!-- @BeforeSuite createReport -->
  <testcase classname="base.ProjectSpecificationMethods" name="@AfterSuite closeReport" time="0.0">
    <ignored/>
  </testcase> <!-- @AfterSuite closeReport -->
  <testcase classname="base.ProjectSpecificationMethods" name="@BeforeSuite createReport" time="0.0">
    <ignored/>
  </testcase> <!-- @BeforeSuite createReport -->
  <testcase classname="base.ProjectSpecificationMethods" name="@AfterSuite closeReport" time="0.0">
    <ignored/>
  </testcase> <!-- @AfterSuite closeReport -->
  <testcase classname="base.ProjectSpecificationMethods" name="@AfterSuite closeReport" time="0.0">
    <ignored/>
  </testcase> <!-- @AfterSuite closeReport -->
  <testcase classname="base.ProjectSpecificationMethods" name="@BeforeSuite createReport" time="0.0">
    <ignored/>
  </testcase> <!-- @BeforeSuite createReport -->
  <testcase classname="base.ProjectSpecificationMethods" name="@AfterSuite closeReport" time="0.0">
    <ignored/>
  </testcase> <!-- @AfterSuite closeReport -->
</testsuite> <!-- ChromeTest -->
